0 info it worked if it ends with ok
1 verbose cli [ 'D:\\p\\npm-1.4.9\\node.exe',
1 verbose cli   'D:\\p\\npm-1.4.9\\node_modules\\npm\\bin\\npm-cli.js',
1 verbose cli   'run',
1 verbose cli   'dev' ]
2 info using npm@1.4.9
3 info using node@v4.4.0
4 error Error: ENOENT: no such file or directory, open 'd:\Users\Ben_c\github_workspace\ittechoffice-example\package.json'
4 error     at Error (native)
5 error If you need help, you may report this *entire* log,
5 error including the npm and node versions, at:
5 error     <http://github.com/npm/npm/issues>
6 error System Windows_NT 6.1.7601
7 error command "D:\\p\\npm-1.4.9\\node.exe" "D:\\p\\npm-1.4.9\\node_modules\\npm\\bin\\npm-cli.js" "run" "dev"
8 error cwd d:\Users\Ben_c\github_workspace\ittechoffice-example
9 error node -v v4.4.0
10 error npm -v 1.4.9
11 error path d:\Users\Ben_c\github_workspace\ittechoffice-example\package.json
12 error syscall open
13 error code ENOENT
14 error errno -4058
15 verbose exit [ -4058, true ]
